6/9/2021 7:46:32 PM | Debut Mise en ligne complete (Site):
6/9/2021 7:46:33 PM | Listing terminé :
6/9/2021 7:46:33 PM | 

6/9/2021 7:46:33 PM | * Files/Fonts-- -- --Folder create
6/9/2021 7:46:33 PM | * WEFiles-- -- --Folder create
6/9/2021 7:46:33 PM | * WEFiles/Xml-- -- --Folder create
6/9/2021 7:46:33 PM | * WEFiles/Server-- -- --Folder create
6/9/2021 7:46:33 PM | * WEFiles/Server/language-- -- --Folder create
6/9/2021 7:46:33 PM | * WEFiles/Server/DB-- -- --Folder create
6/9/2021 7:46:33 PM | * WEFiles/Server/DB/DBTools-- -- --Folder create
6/9/2021 7:46:33 PM | * WEFiles/Server/class-- -- --Folder create
6/9/2021 7:46:33 PM | * WEFiles/Other-- -- --Folder create
6/9/2021 7:46:33 PM | * WEFiles/Image-- -- --Folder create
6/9/2021 7:46:33 PM | * WEFiles/Font-- -- --Folder create
6/9/2021 7:46:33 PM | * WEFiles/EG-- -- --Folder create
6/9/2021 7:46:33 PM | * WEFiles/Css-- -- --Folder create
6/9/2021 7:46:33 PM | * WEFiles/Css/v02-- -- --Folder create
6/9/2021 7:46:33 PM | * WEFiles/Css/v01-- -- --Folder create
6/9/2021 7:46:33 PM | * WEFiles/Client-- -- --Folder create
6/9/2021 7:46:33 PM | * WEFiles/Client/jQuery-- -- --Folder create
6/9/2021 7:46:33 PM | * WEFiles/Client/jQuery/Plugins-- -- --Folder create
6/9/2021 7:46:33 PM | * WEFiles/Client/Common-- -- --Folder create
6/9/2021 7:46:33 PM | * Templates-- -- --Folder create
6/9/2021 7:46:33 PM | * Files-- -- --Folder create
6/9/2021 7:46:33 PM | * Files/Video-- -- --Folder create
6/9/2021 7:46:33 PM | * Files/Other-- -- --Folder create
6/9/2021 7:46:33 PM | * Files/Media-- -- --Folder create
6/9/2021 7:46:33 PM | * Files/Image-- -- --Folder create
6/9/2021 7:46:33 PM | * Files/Fonts-- -- --Folder create
6/9/2021 7:46:33 PM | * Files/Flash-- -- --Folder create
6/9/2021 7:46:33 PM | * Files/Audio-- -- --Folder create
6/9/2021 7:46:33 PM | * Data-- -- --Folder create
6/9/2021 7:46:33 PM | * Backup-- -- --Folder create
6/9/2021 7:46:33 PM | * Common-- -- --Folder create
6/9/2021 7:46:33 PM | * WEFiles/Image/Skin-- -- --Folder create
6/9/2021 7:46:33 PM | * WEFiles/Image/WEImage-- -- --Folder create
6/9/2021 7:46:33 PM | * Files\Other-- -- --Folder create
6/9/2021 7:46:33 PM | * Files\Fonts-- -- --Folder create
6/9/2021 7:46:33 PM | * Backup/.htaccess-- -- --33
6/9/2021 7:46:33 PM | * Data/.htaccess-- -- --13
6/9/2021 7:46:33 PM | * WEFiles/Client/Common/oe.min.js-- -- --16317
6/9/2021 7:46:33 PM | * WEFiles/Client/jQuery/Plugins/jquery.form.js-- -- --11659
6/9/2021 7:46:33 PM | * WEFiles/Client/jQuery/Plugins/jquery.ui.core.js-- -- --19590
6/9/2021 7:46:33 PM | * WEFiles/Client/jQuery/Plugins/jquery.ui.effects.js-- -- --25199
6/9/2021 7:46:33 PM | * WEFiles/Client/jQuery/1.10.2.js-- -- --93107
6/9/2021 7:46:33 PM | * WEFiles/Client/jQuery/migrate.js-- -- --7202
6/9/2021 7:46:33 PM | * WEFiles/Client/OEDB.js-- -- --1856
6/9/2021 7:46:33 PM | * WEFiles/Client/OEDBClasses.js-- -- --2280
6/9/2021 7:46:33 PM | * WEFiles/Client/opentip-jquery.min.js-- -- --44974
6/9/2021 7:46:33 PM | * WEFiles/Css/v01/openElement.css-- -- --5851
6/9/2021 7:46:33 PM | * WEFiles/Css/v02/openElement.css-- -- --6102
6/9/2021 7:46:33 PM | * WEFiles/Css/v02/openElement.int.css-- -- --6177
6/9/2021 7:46:33 PM | * WEFiles/Css/ie7.css-- -- --833
6/9/2021 7:46:33 PM | * WEFiles/Css/opentip.css-- -- --9211
6/9/2021 7:46:33 PM | * WEFiles/Image/Code.png-- -- --831
6/9/2021 7:46:33 PM | * WEFiles/Image/delete.png-- -- --1465
6/9/2021 7:46:33 PM | * WEFiles/Image/empty.png-- -- --184
6/9/2021 7:46:33 PM | * WEFiles/Image/information2.png-- -- --3246
6/9/2021 7:46:33 PM | * WEFiles/Image/loading.gif-- -- --1924
6/9/2021 7:46:33 PM | * WEFiles/Image/Loading2.gif-- -- --4941
6/9/2021 7:46:33 PM | * WEFiles/Image/mask.png-- -- --213
6/9/2021 7:46:33 PM | * WEFiles/Image/ModalBackgound.png-- -- --27145
6/9/2021 7:46:33 PM | * WEFiles/Image/ModalPopupBlock.png-- -- --268
6/9/2021 7:46:33 PM | * WEFiles/Image/ServerError.png-- -- --2602
6/9/2021 7:46:33 PM | * WEFiles/Image/warning.png-- -- --816
6/9/2021 7:46:33 PM | * WEFiles/Image/WEW3C.png-- -- --1882
6/9/2021 7:46:33 PM | * WEFiles/Server/class/class-phpmailer.php-- -- --65668
6/9/2021 7:46:33 PM | * WEFiles/Server/class/class-smtp.php-- -- --32456
6/9/2021 7:46:33 PM | * WEFiles/Server/DB/DBTools/OEDataContainers.php-- -- --57685
6/9/2021 7:46:33 PM | * WEFiles/Server/DB/DBTools/OEDBRequest.php-- -- --36412
6/9/2021 7:46:33 PM | * WEFiles/Server/DB/DBTools/OEDynUtils.php-- -- --15107
6/9/2021 7:46:33 PM | * WEFiles/Server/DB/.htaccess-- -- --13
6/9/2021 7:46:33 PM | * WEFiles/Server/DB/OEDB.php-- -- --28741
6/9/2021 7:46:33 PM | * WEFiles/Server/DB/OEDBClasses.php-- -- --84483
6/9/2021 7:46:33 PM | * WEFiles/Server/DB/sqllogin.php-- -- --1479
6/9/2021 7:46:33 PM | * WEFiles/Server/language/phpmailer.lang-en.php-- -- --1188
6/9/2021 7:46:33 PM | * WEFiles/Server/language/phpmailer.lang-fr.php-- -- --1297
6/9/2021 7:46:33 PM | * WEFiles/Server/openElement.php-- -- --13870
6/9/2021 7:46:33 PM | * WEFiles/Server/VarText.php-- -- --4496
6/9/2021 7:46:33 PM | * Files/Fonts/Dker Poster.eot-- -- --162786
6/9/2021 7:46:33 PM | * Files/Fonts/Dker Poster.ttf-- -- --162644
6/9/2021 7:46:33 PM | * Files/Fonts/Dker Poster.woff-- -- --67140
6/9/2021 7:46:33 PM | * Files/Fonts/Domestic Manners Regular.eot-- -- --61388
6/9/2021 7:46:33 PM | * Files/Fonts/Domestic Manners Regular.ttf-- -- --61128
6/9/2021 7:46:33 PM | * Files/Fonts/Domestic Manners Regular.woff-- -- --34672
6/9/2021 7:46:33 PM | * Files/Fonts/Fonts.css-- -- --1606
6/9/2021 7:46:33 PM | * Files/Fonts/Ubuntu Italic.eot-- -- --58990
6/9/2021 7:46:33 PM | * Files/Fonts/Ubuntu Italic.ttf-- -- --58816
6/9/2021 7:46:33 PM | * Files/Fonts/Ubuntu Italic.woff-- -- --30008
6/9/2021 7:46:33 PM | * Files/Fonts/Ubuntu Regular.eot-- -- --49202
6/9/2021 7:46:33 PM | * Files/Fonts/Ubuntu Regular.ttf-- -- --49024
6/9/2021 7:46:33 PM | * Files/Fonts/Ubuntu Regular.woff-- -- --26724
6/9/2021 7:46:33 PM | * .htaccess-- -- --0
6/9/2021 7:46:33 PM | * index.css-- -- --6417
6/9/2021 7:46:33 PM | * Files/Image/bg1.png-- -- --21910
6/9/2021 7:46:33 PM | * WEFiles/Image/Skin/01fc4765.png-- -- --176
6/9/2021 7:46:33 PM | * WEFiles/Image/Skin/fcfae541.png-- -- --182
6/9/2021 7:46:33 PM | * WEFiles/Image/Skin/d7e46e53.png-- -- --174
6/9/2021 7:46:33 PM | * WEFiles/Image/Skin/7549733d.png-- -- --191
6/9/2021 7:46:33 PM | * WEFiles/Image/Skin/829cf49a.png-- -- --422
6/9/2021 7:46:33 PM | * WEFiles/Image/Skin/79435005.png-- -- --176
6/9/2021 7:46:33 PM | * WEFiles/Image/Skin/230bf871.png-- -- --389
6/9/2021 7:46:33 PM | * WEFiles/Image/Skin/3fe8f719.png-- -- --240
6/9/2021 7:46:33 PM | * WEFiles/Image/Skin/f4fa081b.png-- -- --857
6/9/2021 7:46:33 PM | * WEFiles/Image/Skin/66ca0163.png-- -- --830
6/9/2021 7:46:33 PM | * WEFiles/Image/Skin/d904d152.png-- -- --428
6/9/2021 7:46:33 PM | * Files/Image/cab1.jpg-- -- --79413
6/9/2021 7:46:33 PM | * Files/Image/bebe2.jpg-- -- --196974
6/9/2021 7:46:33 PM | * WEFiles/Image/WEImage/bebe2-WE7bcc4d4350.jpg-- -- --15556
6/9/2021 7:46:33 PM | * Files/Image/SR2.PNG-- -- --118496
6/9/2021 7:46:33 PM | * WEFiles/Image/WEImage/SR2-WE093285e07f.png-- -- --18101
6/9/2021 7:46:33 PM | * Files/Image/VP.PNG-- -- --605603
6/9/2021 7:46:33 PM | * WEFiles/Image/WEImage/VP-WEd3647bea71.png-- -- --36704
6/9/2021 7:46:33 PM | * Backup/index.dat-- -- --542789
6/9/2021 7:46:33 PM | * index.htm-- -- --13630
6/9/2021 7:46:33 PM | * Page1.css-- -- --2697
6/9/2021 7:46:33 PM | * Backup/Page1.dat-- -- --155734
6/9/2021 7:46:33 PM | * Page1.htm-- -- --3444
6/9/2021 7:46:33 PM | * robots.txt-- -- --51
6/9/2021 7:46:33 PM | * sitemap.xml-- -- --606
6/9/2021 7:46:33 PM | * Files/Fonts/Dker Poster.eot-- -- --162786
6/9/2021 7:46:33 PM | * Files/Fonts/Dker Poster.ttf-- -- --162644
6/9/2021 7:46:33 PM | * Files/Fonts/Dker Poster.woff-- -- --67140
6/9/2021 7:46:33 PM | * Files/Fonts/Domestic Manners Regular.eot-- -- --61388
6/9/2021 7:46:33 PM | * Files/Fonts/Domestic Manners Regular.ttf-- -- --61128
6/9/2021 7:46:33 PM | * Files/Fonts/Domestic Manners Regular.woff-- -- --34672
6/9/2021 7:46:33 PM | * Files/Fonts/Fonts.css-- -- --1606
6/9/2021 7:46:33 PM | * Files/Fonts/Ubuntu Italic.eot-- -- --58990
6/9/2021 7:46:33 PM | * Files/Fonts/Ubuntu Italic.ttf-- -- --58816
6/9/2021 7:46:33 PM | * Files/Fonts/Ubuntu Italic.woff-- -- --30008
6/9/2021 7:46:33 PM | * Files/Fonts/Ubuntu Regular.eot-- -- --49202
6/9/2021 7:46:33 PM | * Files/Fonts/Ubuntu Regular.ttf-- -- --49024
6/9/2021 7:46:33 PM | * Files/Fonts/Ubuntu Regular.woff-- -- --26724
6/9/2021 7:46:33 PM | * Templates/Base.css-- -- --477
6/9/2021 7:46:33 PM | * Backup/Templates/Base.tdat-- -- --61574
6/9/2021 7:46:33 PM | * Backup/Common/Garbage.cfg-- -- --348
6/9/2021 7:46:33 PM | * Backup/Common/Linkmap.cfg-- -- --63730
6/9/2021 7:46:33 PM | * Backup/Common/Lock.cfg-- -- --441
6/9/2021 7:46:33 PM | * Backup/Common/OEGuideline.cfg-- -- --406470
6/9/2021 7:46:33 PM | * Backup/Common/Palette.xml-- -- --295
6/9/2021 7:46:33 PM | * Backup/Common/Palette.xml.upd-- -- --8
6/9/2021 7:46:33 PM | * Backup/Common/SiteConfig.cfg-- -- --36617
6/9/2021 7:46:33 PM | * Backup/Common/User.cfg-- -- --590
6/9/2021 7:46:33 PM | * Backup/Templates/Controls/WELinkButton_32980882.OESkin-- -- --49799
6/9/2021 7:46:33 PM | * Backup/Templates/Controls/WELinkButton_799eb685.OESkin-- -- --62662
6/9/2021 7:46:33 PM | * Backup/Templates/Controls/WELinkButton_9ac6fd14.OESkin-- -- --57017
6/9/2021 7:46:33 PM | * Backup/Templates/Controls/WEText_6e93de4e.OESkin-- -- --59313
6/9/2021 7:46:33 PM | * Backup/Templates/Controls/WEText_fe54e0a7.OESkin-- -- --59390
6/9/2021 7:46:33 PM | * Backup/SF_Chaville.ope-- -- --3585
6/9/2021 7:46:34 PM | 
6/9/2021 7:46:34 PM | 
--------------------------------Phase 1 Terminé--------------------------------
6/9/2021 7:46:34 PM | 

6/9/2021 8:21:46 PM | Debut Mise en ligne différentielle (Site):
6/9/2021 8:21:46 PM | Listing terminé :
6/9/2021 8:21:46 PM | 

6/9/2021 8:21:46 PM | * Backup-- -- --Folder create
6/9/2021 8:21:46 PM | * Templates-- -- --Folder create
6/9/2021 8:21:46 PM | * Backup/.htaccess-- -- --33
6/9/2021 8:21:46 PM | * .htaccess-- -- --0
6/9/2021 8:21:46 PM | * index.css-- -- --6417
6/9/2021 8:21:46 PM | * Backup/index.dat-- -- --543151
6/9/2021 8:21:46 PM | * index.htm-- -- --14073
6/9/2021 8:21:46 PM | * sitemap.xml-- -- --606
6/9/2021 8:21:46 PM | * robots.txt-- -- --51
6/9/2021 8:21:46 PM | * Backup/Templates/Controls/WELinkButton_32980882.OESkin-- -- --49799
6/9/2021 8:21:46 PM | * Backup/Templates/Controls/WELinkButton_799eb685.OESkin-- -- --62662
6/9/2021 8:21:46 PM | * Backup/Templates/Controls/WELinkButton_9ac6fd14.OESkin-- -- --57017
6/9/2021 8:21:46 PM | * Backup/Templates/Controls/WEText_6e93de4e.OESkin-- -- --59313
6/9/2021 8:21:46 PM | * Backup/Templates/Controls/WEText_fe54e0a7.OESkin-- -- --59390
6/9/2021 8:21:46 PM | * Backup/SF_Chaville.ope-- -- --3585
6/9/2021 8:21:46 PM | 
6/9/2021 8:21:46 PM | 
--------------------------------Phase 1 Terminé--------------------------------
6/9/2021 8:21:46 PM | 

6/9/2021 8:23:39 PM | Debut Mise en ligne différentielle (Site):
6/9/2021 8:23:39 PM | Listing terminé :
6/9/2021 8:23:39 PM | 

6/9/2021 8:23:39 PM | * Backup-- -- --Folder create
6/9/2021 8:23:39 PM | * Templates-- -- --Folder create
6/9/2021 8:23:39 PM | * Backup/.htaccess-- -- --33
6/9/2021 8:23:39 PM | * .htaccess-- -- --0
6/9/2021 8:23:39 PM | * index.css-- -- --6417
6/9/2021 8:23:39 PM | * Backup/index.dat-- -- --543151
6/9/2021 8:23:39 PM | * index.htm-- -- --14073
6/9/2021 8:23:39 PM | * sitemap.xml-- -- --606
6/9/2021 8:23:39 PM | * robots.txt-- -- --51
6/9/2021 8:23:39 PM | * Backup/Templates/Controls/WELinkButton_32980882.OESkin-- -- --49799
6/9/2021 8:23:39 PM | * Backup/Templates/Controls/WELinkButton_799eb685.OESkin-- -- --62662
6/9/2021 8:23:39 PM | * Backup/Templates/Controls/WELinkButton_9ac6fd14.OESkin-- -- --57017
6/9/2021 8:23:39 PM | * Backup/Templates/Controls/WEText_6e93de4e.OESkin-- -- --59313
6/9/2021 8:23:39 PM | * Backup/Templates/Controls/WEText_fe54e0a7.OESkin-- -- --59390
6/9/2021 8:23:39 PM | * Backup/SF_Chaville.ope-- -- --3585
6/9/2021 8:23:39 PM | 
6/9/2021 8:23:39 PM | 
--------------------------------Phase 1 Terminé--------------------------------
6/9/2021 8:23:39 PM | 

6/9/2021 8:25:28 PM | Debut Mise en ligne différentielle (Site):
6/9/2021 8:25:28 PM | Listing terminé :
6/9/2021 8:25:28 PM | 

6/9/2021 8:25:28 PM | * Backup-- -- --Folder create
6/9/2021 8:25:28 PM | * Templates-- -- --Folder create
6/9/2021 8:25:28 PM | * Backup/.htaccess-- -- --33
6/9/2021 8:25:28 PM | * .htaccess-- -- --0
6/9/2021 8:25:28 PM | * index.css-- -- --6417
6/9/2021 8:25:28 PM | * Backup/index.dat-- -- --543151
6/9/2021 8:25:28 PM | * index.htm-- -- --14073
6/9/2021 8:25:28 PM | * sitemap.xml-- -- --606
6/9/2021 8:25:28 PM | * robots.txt-- -- --51
6/9/2021 8:25:28 PM | * Backup/Templates/Controls/WELinkButton_32980882.OESkin-- -- --49799
6/9/2021 8:25:28 PM | * Backup/Templates/Controls/WELinkButton_799eb685.OESkin-- -- --62662
6/9/2021 8:25:28 PM | * Backup/Templates/Controls/WELinkButton_9ac6fd14.OESkin-- -- --57017
6/9/2021 8:25:28 PM | * Backup/Templates/Controls/WEText_6e93de4e.OESkin-- -- --59313
6/9/2021 8:25:28 PM | * Backup/Templates/Controls/WEText_fe54e0a7.OESkin-- -- --59390
6/9/2021 8:25:28 PM | * Backup/SF_Chaville.ope-- -- --3585
6/9/2021 8:25:28 PM | 
6/9/2021 8:25:28 PM | 
--------------------------------Phase 1 Terminé--------------------------------
6/9/2021 8:25:28 PM | 

6/9/2021 9:39:42 PM | Debut Mise en ligne différentielle (Site):
6/9/2021 9:39:42 PM | Listing terminé :
6/9/2021 9:39:42 PM | 

6/9/2021 9:39:42 PM | * Backup-- -- --Folder create
6/9/2021 9:39:42 PM | * Templates-- -- --Folder create
6/9/2021 9:39:42 PM | * Backup/.htaccess-- -- --33
6/9/2021 9:39:42 PM | * Files/Fonts/Aclonica Regular.eot-- -- --50764
6/9/2021 9:39:42 PM | * Files/Fonts/Aclonica Regular.ttf-- -- --50576
6/9/2021 9:39:42 PM | * Files/Fonts/Aclonica Regular.woff-- -- --26500
6/9/2021 9:39:42 PM | * Files/Fonts/Artesana.eot-- -- --14600
6/9/2021 9:39:42 PM | * Files/Fonts/Artesana.ttf-- -- --14424
6/9/2021 9:39:42 PM | * Files/Fonts/Artesana.woff-- -- --6052
6/9/2021 9:39:42 PM | * Files/Fonts/Fonts.css-- -- --3097
6/9/2021 9:39:42 PM | * Files/Fonts/Massa Bold.eot-- -- --54784
6/9/2021 9:39:42 PM | * Files/Fonts/Massa Bold.ttf-- -- --54620
6/9/2021 9:39:42 PM | * Files/Fonts/Massa Bold.woff-- -- --30224
6/9/2021 9:39:42 PM | * Files/Fonts/Massa.eot-- -- --53264
6/9/2021 9:39:42 PM | * Files/Fonts/Massa.ttf-- -- --53104
6/9/2021 9:39:42 PM | * Files/Fonts/Massa.woff-- -- --27772
6/9/2021 9:39:42 PM | * .htaccess-- -- --0
6/9/2021 9:39:42 PM | * index.css-- -- --6435
6/9/2021 9:39:42 PM | * Backup/index.dat-- -- --543143
6/9/2021 9:39:42 PM | * index.htm-- -- --14048
6/9/2021 9:39:42 PM | * sitemap.xml-- -- --606
6/9/2021 9:39:42 PM | * robots.txt-- -- --51
6/9/2021 9:39:42 PM | * Backup/Templates/Controls/WELinkButton_32980882.OESkin-- -- --49799
6/9/2021 9:39:42 PM | * Backup/Templates/Controls/WELinkButton_799eb685.OESkin-- -- --62662
6/9/2021 9:39:42 PM | * Backup/Templates/Controls/WELinkButton_9ac6fd14.OESkin-- -- --57017
6/9/2021 9:39:42 PM | * Backup/Templates/Controls/WEText_6e93de4e.OESkin-- -- --59313
6/9/2021 9:39:42 PM | * Backup/Templates/Controls/WEText_fe54e0a7.OESkin-- -- --59390
6/9/2021 9:39:42 PM | * Backup/SF_Chaville.ope-- -- --3585
6/9/2021 9:39:42 PM | 
6/9/2021 9:39:42 PM | 
--------------------------------Phase 1 Terminé--------------------------------
6/9/2021 9:39:42 PM | 

6/12/2021 10:11:50 AM | Debut Mise en ligne complete (Site):
6/12/2021 10:11:51 AM | Listing terminé :
6/12/2021 10:11:51 AM | 

6/12/2021 10:11:51 AM | * Files/Fonts-- -- --Folder create
6/12/2021 10:11:51 AM | * WEFiles-- -- --Folder create
6/12/2021 10:11:51 AM | * WEFiles/Xml-- -- --Folder create
6/12/2021 10:11:51 AM | * WEFiles/Server-- -- --Folder create
6/12/2021 10:11:51 AM | * WEFiles/Server/language-- -- --Folder create
6/12/2021 10:11:51 AM | * WEFiles/Server/DB-- -- --Folder create
6/12/2021 10:11:51 AM | * WEFiles/Server/DB/DBTools-- -- --Folder create
6/12/2021 10:11:51 AM | * WEFiles/Server/class-- -- --Folder create
6/12/2021 10:11:51 AM | * WEFiles/Other-- -- --Folder create
6/12/2021 10:11:51 AM | * WEFiles/Image-- -- --Folder create
6/12/2021 10:11:51 AM | * WEFiles/Font-- -- --Folder create
6/12/2021 10:11:51 AM | * WEFiles/EG-- -- --Folder create
6/12/2021 10:11:51 AM | * WEFiles/Css-- -- --Folder create
6/12/2021 10:11:51 AM | * WEFiles/Css/v02-- -- --Folder create
6/12/2021 10:11:51 AM | * WEFiles/Css/v01-- -- --Folder create
6/12/2021 10:11:51 AM | * WEFiles/Client-- -- --Folder create
6/12/2021 10:11:51 AM | * WEFiles/Client/jQuery-- -- --Folder create
6/12/2021 10:11:51 AM | * WEFiles/Client/jQuery/Plugins-- -- --Folder create
6/12/2021 10:11:51 AM | * WEFiles/Client/Common-- -- --Folder create
6/12/2021 10:11:51 AM | * Templates-- -- --Folder create
6/12/2021 10:11:51 AM | * Files-- -- --Folder create
6/12/2021 10:11:51 AM | * Files/Video-- -- --Folder create
6/12/2021 10:11:51 AM | * Files/Other-- -- --Folder create
6/12/2021 10:11:51 AM | * Files/Media-- -- --Folder create
6/12/2021 10:11:51 AM | * Files/Image-- -- --Folder create
6/12/2021 10:11:51 AM | * Files/Fonts-- -- --Folder create
6/12/2021 10:11:51 AM | * Files/Flash-- -- --Folder create
6/12/2021 10:11:51 AM | * Files/Audio-- -- --Folder create
6/12/2021 10:11:51 AM | * Data-- -- --Folder create
6/12/2021 10:11:51 AM | * Backup-- -- --Folder create
6/12/2021 10:11:51 AM | * Common-- -- --Folder create
6/12/2021 10:11:51 AM | * WEFiles/Image/Skin-- -- --Folder create
6/12/2021 10:11:51 AM | * WEFiles/Image/WEImage-- -- --Folder create
6/12/2021 10:11:51 AM | * Files\Other-- -- --Folder create
6/12/2021 10:11:51 AM | * Files\Fonts-- -- --Folder create
6/12/2021 10:11:51 AM | * Backup/.htaccess-- -- --33
6/12/2021 10:11:51 AM | * Data/.htaccess-- -- --13
6/12/2021 10:11:51 AM | * WEFiles/Client/Common/oe.min.js-- -- --16317
6/12/2021 10:11:51 AM | * WEFiles/Client/jQuery/Plugins/jquery.form.js-- -- --11659
6/12/2021 10:11:51 AM | * WEFiles/Client/jQuery/Plugins/jquery.ui.core.js-- -- --19590
6/12/2021 10:11:51 AM | * WEFiles/Client/jQuery/Plugins/jquery.ui.effects.js-- -- --25199
6/12/2021 10:11:51 AM | * WEFiles/Client/jQuery/1.10.2.js-- -- --93107
6/12/2021 10:11:51 AM | * WEFiles/Client/jQuery/migrate.js-- -- --7202
6/12/2021 10:11:51 AM | * WEFiles/Client/OEDB.js-- -- --1856
6/12/2021 10:11:51 AM | * WEFiles/Client/OEDBClasses.js-- -- --2280
6/12/2021 10:11:51 AM | * WEFiles/Client/opentip-jquery.min.js-- -- --44974
6/12/2021 10:11:51 AM | * WEFiles/Css/v01/openElement.css-- -- --5851
6/12/2021 10:11:51 AM | * WEFiles/Css/v02/openElement.css-- -- --6102
6/12/2021 10:11:51 AM | * WEFiles/Css/v02/openElement.int.css-- -- --6177
6/12/2021 10:11:51 AM | * WEFiles/Css/ie7.css-- -- --833
6/12/2021 10:11:51 AM | * WEFiles/Css/opentip.css-- -- --9211
6/12/2021 10:11:51 AM | * WEFiles/Image/Code.png-- -- --831
6/12/2021 10:11:51 AM | * WEFiles/Image/delete.png-- -- --1465
6/12/2021 10:11:51 AM | * WEFiles/Image/empty.png-- -- --184
6/12/2021 10:11:51 AM | * WEFiles/Image/information2.png-- -- --3246
6/12/2021 10:11:51 AM | * WEFiles/Image/loading.gif-- -- --1924
6/12/2021 10:11:51 AM | * WEFiles/Image/Loading2.gif-- -- --4941
6/12/2021 10:11:51 AM | * WEFiles/Image/mask.png-- -- --213
6/12/2021 10:11:51 AM | * WEFiles/Image/ModalBackgound.png-- -- --27145
6/12/2021 10:11:51 AM | * WEFiles/Image/ModalPopupBlock.png-- -- --268
6/12/2021 10:11:51 AM | * WEFiles/Image/ServerError.png-- -- --2602
6/12/2021 10:11:51 AM | * WEFiles/Image/warning.png-- -- --816
6/12/2021 10:11:51 AM | * WEFiles/Image/WEW3C.png-- -- --1882
6/12/2021 10:11:51 AM | * WEFiles/Server/class/class-phpmailer.php-- -- --65668
6/12/2021 10:11:51 AM | * WEFiles/Server/class/class-smtp.php-- -- --32456
6/12/2021 10:11:51 AM | * WEFiles/Server/DB/DBTools/OEDataContainers.php-- -- --57685
6/12/2021 10:11:51 AM | * WEFiles/Server/DB/DBTools/OEDBRequest.php-- -- --36412
6/12/2021 10:11:51 AM | * WEFiles/Server/DB/DBTools/OEDynUtils.php-- -- --15107
6/12/2021 10:11:51 AM | * WEFiles/Server/DB/.htaccess-- -- --13
6/12/2021 10:11:51 AM | * WEFiles/Server/DB/OEDB.php-- -- --28741
6/12/2021 10:11:51 AM | * WEFiles/Server/DB/OEDBClasses.php-- -- --84483
6/12/2021 10:11:51 AM | * WEFiles/Server/DB/sqllogin.php-- -- --1479
6/12/2021 10:11:51 AM | * WEFiles/Server/language/phpmailer.lang-en.php-- -- --1188
6/12/2021 10:11:51 AM | * WEFiles/Server/language/phpmailer.lang-fr.php-- -- --1297
6/12/2021 10:11:51 AM | * WEFiles/Server/openElement.php-- -- --13870
6/12/2021 10:11:51 AM | * WEFiles/Server/VarText.php-- -- --4496
6/12/2021 10:11:51 AM | * .htaccess-- -- --0
6/12/2021 10:11:51 AM | * index.css-- -- --6723
6/12/2021 10:11:51 AM | * Files/Image/bg6.jpg-- -- --35145
6/12/2021 10:11:51 AM | * WEFiles/Image/Skin/01fc4765.png-- -- --176
6/12/2021 10:11:51 AM | * WEFiles/Image/Skin/fcfae541.png-- -- --182
6/12/2021 10:11:51 AM | * WEFiles/Image/Skin/d7e46e53.png-- -- --174
6/12/2021 10:11:51 AM | * WEFiles/Image/Skin/7549733d.png-- -- --191
6/12/2021 10:11:51 AM | * WEFiles/Image/Skin/829cf49a.png-- -- --422
6/12/2021 10:11:51 AM | * WEFiles/Image/Skin/79435005.png-- -- --176
6/12/2021 10:11:51 AM | * WEFiles/Image/Skin/230bf871.png-- -- --389
6/12/2021 10:11:51 AM | * WEFiles/Image/Skin/3fe8f719.png-- -- --240
6/12/2021 10:11:51 AM | * WEFiles/Image/Skin/f4fa081b.png-- -- --857
6/12/2021 10:11:51 AM | * WEFiles/Image/Skin/66ca0163.png-- -- --830
6/12/2021 10:11:51 AM | * WEFiles/Image/Skin/d904d152.png-- -- --428
6/12/2021 10:11:51 AM | * Files/Image/cab1.jpg-- -- --79413
6/12/2021 10:11:51 AM | * Files/Image/SR2.PNG-- -- --118496
6/12/2021 10:11:51 AM | * WEFiles/Image/WEImage/SR2-WE093285e07f.png-- -- --18101
6/12/2021 10:11:51 AM | * Files/Image/VP.PNG-- -- --605603
6/12/2021 10:11:51 AM | * WEFiles/Image/WEImage/VP-WEd3647bea71.png-- -- --36704
6/12/2021 10:11:51 AM | * Files/Image/bebe2.jpg-- -- --196974
6/12/2021 10:11:51 AM | * WEFiles/Image/WEImage/bebe2-WE7bcc4d4350.jpg-- -- --15556
6/12/2021 10:11:51 AM | * Files/Image/photo_bureau.jpg-- -- --2007617
6/12/2021 10:11:51 AM | * WEFiles/Image/WEImage/photo_bureau-WE4c70de6df8.jpg-- -- --93278
6/12/2021 10:11:51 AM | * Files/Image/photo1.jpg-- -- --1448197
6/12/2021 10:11:51 AM | * WEFiles/Image/WEImage/photo1-WE6930e3cab3.jpg-- -- --68907
6/12/2021 10:11:51 AM | * Backup/index.dat-- -- --594096
6/12/2021 10:11:51 AM | * index.htm-- -- --14927
6/12/2021 10:11:51 AM | * Page1.css-- -- --2746
6/12/2021 10:11:51 AM | * Backup/Page1.dat-- -- --159792
6/12/2021 10:11:51 AM | * Page1.htm-- -- --3851
6/12/2021 10:11:51 AM | * robots.txt-- -- --51
6/12/2021 10:11:51 AM | * sitemap.xml-- -- --606
6/12/2021 10:11:51 AM | * Files/Fonts/Aclonica Regular.eot-- -- --50764
6/12/2021 10:11:51 AM | * Files/Fonts/Aclonica Regular.ttf-- -- --50576
6/12/2021 10:11:51 AM | * Files/Fonts/Aclonica Regular.woff-- -- --26500
6/12/2021 10:11:51 AM | * Files/Fonts/Artesana.eot-- -- --14600
6/12/2021 10:11:51 AM | * Files/Fonts/Artesana.ttf-- -- --14424
6/12/2021 10:11:51 AM | * Files/Fonts/Artesana.woff-- -- --6052
6/12/2021 10:11:51 AM | * Files/Fonts/Dker Poster.eot-- -- --162786
6/12/2021 10:11:51 AM | * Files/Fonts/Dker Poster.ttf-- -- --162644
6/12/2021 10:11:51 AM | * Files/Fonts/Dker Poster.woff-- -- --67140
6/12/2021 10:11:51 AM | * Files/Fonts/Domestic Manners Regular.eot-- -- --61388
6/12/2021 10:11:51 AM | * Files/Fonts/Domestic Manners Regular.ttf-- -- --61128
6/12/2021 10:11:51 AM | * Files/Fonts/Domestic Manners Regular.woff-- -- --34672
6/12/2021 10:11:51 AM | * Files/Fonts/Fonts.css-- -- --3097
6/12/2021 10:11:51 AM | * Files/Fonts/Massa Bold.eot-- -- --54784
6/12/2021 10:11:51 AM | * Files/Fonts/Massa Bold.ttf-- -- --54620
6/12/2021 10:11:51 AM | * Files/Fonts/Massa Bold.woff-- -- --30224
6/12/2021 10:11:51 AM | * Files/Fonts/Massa.eot-- -- --53264
6/12/2021 10:11:51 AM | * Files/Fonts/Massa.ttf-- -- --53104
6/12/2021 10:11:51 AM | * Files/Fonts/Massa.woff-- -- --27772
6/12/2021 10:11:51 AM | * Files/Fonts/Ubuntu Italic.eot-- -- --58990
6/12/2021 10:11:51 AM | * Files/Fonts/Ubuntu Italic.ttf-- -- --58816
6/12/2021 10:11:51 AM | * Files/Fonts/Ubuntu Italic.woff-- -- --30008
6/12/2021 10:11:51 AM | * Files/Fonts/Ubuntu Regular.eot-- -- --49202
6/12/2021 10:11:51 AM | * Files/Fonts/Ubuntu Regular.ttf-- -- --49024
6/12/2021 10:11:51 AM | * Files/Fonts/Ubuntu Regular.woff-- -- --26724
6/12/2021 10:11:51 AM | * Templates/Base.css-- -- --477
6/12/2021 10:11:51 AM | * Backup/Templates/Base.tdat-- -- --61574
6/12/2021 10:11:51 AM | * Backup/Common/DataFileSyncFtp.xml-- -- --10365
6/12/2021 10:11:51 AM | * Backup/Common/FTPLog.txt-- -- --8191
6/12/2021 10:11:51 AM | * Backup/Common/Garbage.cfg-- -- --348
6/12/2021 10:11:51 AM | * Backup/Common/Linkmap.cfg-- -- --71591
6/12/2021 10:11:51 AM | * Backup/Common/Lock.cfg-- -- --441
6/12/2021 10:11:51 AM | * Backup/Common/OEGuideline.cfg-- -- --397510
6/12/2021 10:11:51 AM | * Backup/Common/Palette.xml-- -- --295
6/12/2021 10:11:51 AM | * Backup/Common/Palette.xml.upd-- -- --8
6/12/2021 10:11:51 AM | * Backup/Common/SiteConfig.cfg-- -- --38729
6/12/2021 10:11:51 AM | * Backup/Common/UploadAllFileList.cfg-- -- --11289
6/12/2021 10:11:51 AM | * Backup/Common/User.cfg-- -- --590
6/12/2021 10:11:51 AM | * Backup/Templates/Controls/WELinkButton_32980882.OESkin-- -- --49799
6/12/2021 10:11:51 AM | * Backup/Templates/Controls/WELinkButton_799eb685.OESkin-- -- --62662
6/12/2021 10:11:51 AM | * Backup/Templates/Controls/WELinkButton_9ac6fd14.OESkin-- -- --57017
6/12/2021 10:11:51 AM | * Backup/Templates/Controls/WEText_6e93de4e.OESkin-- -- --59313
6/12/2021 10:11:51 AM | * Backup/Templates/Controls/WEText_fe54e0a7.OESkin-- -- --59390
6/12/2021 10:11:51 AM | * Backup/SF_Chaville.ope-- -- --3620
6/12/2021 10:11:52 AM | 
6/12/2021 10:11:52 AM | 
--------------------------------Phase 1 Terminé--------------------------------
6/12/2021 10:11:52 AM | 

